This file contains any messages produced by compilers while
running configure, to aid debugging if configure makes a mistake.

It was created by bluez configure 5.45, which was
generated by GNU Autoconf 2.69.  Invocation command line was

  $ ./configure --enable-experimental

## --------- ##
## Platform. ##
## --------- ##

hostname = Ichikawa.local
uname -m = x86_64
uname -r = 20.2.0
uname -s = Darwin
uname -v = Darwin Kernel Version 20.2.0: Wed Dec  2 20:39:59 PST 2020; root:xnu-7195.60.75~1/RELEASE_X86_64

/usr/bin/uname -p = i386
/bin/uname -X     = unknown

/bin/arch              = unknown
/usr/bin/arch -k       = unknown
/usr/convex/getsysinfo = unknown
/usr/bin/hostinfo      = Mach kernel version:
	 Darwin Kernel Version 20.2.0: Wed Dec  2 20:39:59 PST 2020; root:xnu-7195.60.75~1/RELEASE_X86_64
Kernel configured for up to 8 processors.
4 processors are physically available.
8 processors are logically available.
Processor type: x86_64h (Intel x86-64h Haswell)
Processors active: 0 1 2 3 4 5 6 7
Primary memory available: 32.00 gigabytes
Default processor set: 615 tasks, 2815 threads, 8 processors
Load average: 2.13, Mach factor: 5.86
/bin/machine           = unknown
/usr/bin/oslevel       = unknown
/bin/universe          = unknown

PATH: /Users/tomoki.ichikawa/.rbenv/shims
PATH: ~/.rbenv/shims
PATH: /usr/local/bin
PATH: /usr/local/opt/avr-gcc@7/bin
PATH: /usr/local/bin/code
PATH: /usr/local/bin
PATH: /usr/bin
PATH: /bin
PATH: /usr/sbin
PATH: /sbin
PATH: /usr/local/bin
PATH: /usr/bin
PATH: /bin
PATH: /usr/sbin
PATH: /sbin
PATH: /Library/Apple/usr/bin
PATH: /Users/tomoki.ichikawa/Develop/flutter/bin
PATH: /Applications/Visual Studio Code.app/Contents/Resources/app/bin


## ----------- ##
## Core tests. ##
## ----------- ##

configure:2465: checking for a BSD-compatible install
configure:2533: result: /usr/bin/install -c
configure:2544: checking whether build environment is sane
configure:2599: result: yes
configure:2750: checking for a thread-safe mkdir -p
configure:2789: result: ./install-sh -c -d
configure:2796: checking for gawk
configure:2826: result: no
configure:2796: checking for mawk
configure:2826: result: no
configure:2796: checking for nawk
configure:2826: result: no
configure:2796: checking for awk
configure:2812: found /usr/bin/awk
configure:2823: result: awk
configure:2834: checking whether make sets $(MAKE)
configure:2856: result: yes
configure:2885: checking whether make supports nested variables
configure:2902: result: yes
configure:2981: checking how to create a pax tar archive
configure:2992: tar --version
bsdtar 3.3.2 - libarchive 3.3.2 zlib/1.2.11 liblzma/5.0.5 bz2lib/1.0.6
configure:2995: $? = 0
configure:3035: tardir=conftest.dir && eval tar --format=posix -chf - "$tardir" >conftest.tar
configure:3038: $? = 0
configure:3042: tar -xf - <conftest.tar
configure:3045: $? = 0
configure:3047: cat conftest.dir/file
GrepMe
configure:3050: $? = 0
configure:3063: result: gnutar
configure:3127: checking for style of include used by make
configure:3155: result: GNU
configure:3226: checking for gcc
configure:3242: found /usr/bin/gcc
configure:3253: result: gcc
configure:3482: checking for C compiler version
configure:3491: gcc --version >&5
Apple clang version 12.0.0 (clang-1200.0.32.29)
Target: x86_64-apple-darwin20.2.0
Thread model: posix
InstalledDir: /Applications/Xcode.app/Contents/Developer/Toolchains/XcodeDefault.xctoolchain/usr/bin
Configured with: --prefix=/Applications/Xcode.app/Contents/Developer/usr --with-gxx-include-dir=/Applications/Xcode.app/Contents/Developer/Platforms/MacOSX.platform/Developer/SDKs/MacOSX.sdk/usr/include/c++/4.2.1
configure:3502: $? = 0
configure:3491: gcc -v >&5
Configured with: --prefix=/Applications/Xcode.app/Contents/Developer/usr --with-gxx-include-dir=/Applications/Xcode.app/Contents/Developer/Platforms/MacOSX.platform/Developer/SDKs/MacOSX.sdk/usr/include/c++/4.2.1
Apple clang version 12.0.0 (clang-1200.0.32.29)
Target: x86_64-apple-darwin20.2.0
Thread model: posix
InstalledDir: /Applications/Xcode.app/Contents/Developer/Toolchains/XcodeDefault.xctoolchain/usr/bin
configure:3502: $? = 0
configure:3491: gcc -V >&5
clang: error: argument to '-V' is missing (expected 1 value)
clang: error: no input files
configure:3502: $? = 1
configure:3491: gcc -qversion >&5
clang: error: unknown argument '-qversion'; did you mean '--version'?
clang: error: no input files
configure:3502: $? = 1
configure:3522: checking whether the C compiler works
configure:3544: gcc    conftest.c  >&5
configure:3548: $? = 0
configure:3596: result: yes
configure:3599: checking for C compiler default output file name
configure:3601: result: a.out
configure:3607: checking for suffix of executables
configure:3614: gcc -o conftest    conftest.c  >&5
configure:3618: $? = 0
configure:3640: result: 
configure:3662: checking whether we are cross compiling
configure:3670: gcc -o conftest    conftest.c  >&5
configure:3674: $? = 0
configure:3681: ./conftest
configure:3685: $? = 0
configure:3700: result: no
configure:3705: checking for suffix of object files
configure:3727: gcc -c   conftest.c >&5
configure:3731: $? = 0
configure:3752: result: o
configure:3756: checking whether we are using the GNU C compiler
configure:3775: gcc -c   conftest.c >&5
configure:3775: $? = 0
configure:3784: result: yes
configure:3793: checking whether gcc accepts -g
configure:3813: gcc -c -g  conftest.c >&5
configure:3813: $? = 0
configure:3854: result: yes
configure:3871: checking for gcc option to accept ISO C89
configure:3934: gcc  -c -g -O2  conftest.c >&5
configure:3934: $? = 0
configure:3947: result: none needed
configure:3972: checking whether gcc understands -c and -o together
configure:3994: gcc -c conftest.c -o conftest2.o
configure:3997: $? = 0
configure:3994: gcc -c conftest.c -o conftest2.o
configure:3997: $? = 0
configure:4009: result: yes
configure:4028: checking dependency style of gcc
configure:4139: result: gcc3
configure:4160: checking how to run the C preprocessor
configure:4191: gcc -E  conftest.c
configure:4191: $? = 0
configure:4205: gcc -E  conftest.c
conftest.c:11:10: fatal error: 'ac_nonexistent.h' file not found
#include <ac_nonexistent.h>
         ^~~~~~~~~~~~~~~~~~
1 error generated.
configure:4205: $? = 1
configure: failed program was:
| /* confdefs.h */
| #define PACKAGE_NAME "bluez"
| #define PACKAGE_TARNAME "bluez"
| #define PACKAGE_VERSION "5.45"
| #define PACKAGE_STRING "bluez 5.45"
| #define PACKAGE_BUGREPORT ""
| #define PACKAGE_URL ""
| #define PACKAGE "bluez"
| #define VERSION "5.45"
| /* end confdefs.h.  */
| #include <ac_nonexistent.h>
configure:4230: result: gcc -E
configure:4250: gcc -E  conftest.c
configure:4250: $? = 0
configure:4264: gcc -E  conftest.c
conftest.c:11:10: fatal error: 'ac_nonexistent.h' file not found
#include <ac_nonexistent.h>
         ^~~~~~~~~~~~~~~~~~
1 error generated.
configure:4264: $? = 1
configure: failed program was:
| /* confdefs.h */
| #define PACKAGE_NAME "bluez"
| #define PACKAGE_TARNAME "bluez"
| #define PACKAGE_VERSION "5.45"
| #define PACKAGE_STRING "bluez 5.45"
| #define PACKAGE_BUGREPORT ""
| #define PACKAGE_URL ""
| #define PACKAGE "bluez"
| #define VERSION "5.45"
| /* end confdefs.h.  */
| #include <ac_nonexistent.h>
configure:4293: checking for grep that handles long lines and -e
configure:4351: result: /usr/bin/grep
configure:4356: checking for egrep
configure:4418: result: /usr/bin/grep -E
configure:4423: checking for ANSI C header files
configure:4443: gcc -c -g -O2  conftest.c >&5
configure:4443: $? = 0
configure:4516: gcc -o conftest -g -O2   conftest.c  >&5
configure:4516: $? = 0
configure:4516: ./conftest
configure:4516: $? = 0
configure:4527: result: yes
configure:4540: checking for sys/types.h
configure:4540: gcc -c -g -O2  conftest.c >&5
configure:4540: $? = 0
configure:4540: result: yes
configure:4540: checking for sys/stat.h
configure:4540: gcc -c -g -O2  conftest.c >&5
configure:4540: $? = 0
configure:4540: result: yes
configure:4540: checking for stdlib.h
configure:4540: gcc -c -g -O2  conftest.c >&5
configure:4540: $? = 0
configure:4540: result: yes
configure:4540: checking for string.h
configure:4540: gcc -c -g -O2  conftest.c >&5
configure:4540: $? = 0
configure:4540: result: yes
configure:4540: checking for memory.h
configure:4540: gcc -c -g -O2  conftest.c >&5
configure:4540: $? = 0
configure:4540: result: yes
configure:4540: checking for strings.h
configure:4540: gcc -c -g -O2  conftest.c >&5
configure:4540: $? = 0
configure:4540: result: yes
configure:4540: checking for inttypes.h
configure:4540: gcc -c -g -O2  conftest.c >&5
configure:4540: $? = 0
configure:4540: result: yes
configure:4540: checking for stdint.h
configure:4540: gcc -c -g -O2  conftest.c >&5
configure:4540: $? = 0
configure:4540: result: yes
configure:4540: checking for unistd.h
configure:4540: gcc -c -g -O2  conftest.c >&5
configure:4540: $? = 0
configure:4540: result: yes
configure:4553: checking minix/config.h usability
configure:4553: gcc -c -g -O2  conftest.c >&5
conftest.c:54:10: fatal error: 'minix/config.h' file not found
#include <minix/config.h>
         ^~~~~~~~~~~~~~~~
1 error generated.
configure:4553: $? = 1
configure: failed program was:
| /* confdefs.h */
| #define PACKAGE_NAME "bluez"
| #define PACKAGE_TARNAME "bluez"
| #define PACKAGE_VERSION "5.45"
| #define PACKAGE_STRING "bluez 5.45"
| #define PACKAGE_BUGREPORT ""
| #define PACKAGE_URL ""
| #define PACKAGE "bluez"
| #define VERSION "5.45"
| #define STDC_HEADERS 1
| #define HAVE_SYS_TYPES_H 1
| #define HAVE_SYS_STAT_H 1
| #define HAVE_STDLIB_H 1
| #define HAVE_STRING_H 1
| #define HAVE_MEMORY_H 1
| #define HAVE_STRINGS_H 1
| #define HAVE_INTTYPES_H 1
| #define HAVE_STDINT_H 1
| #define HAVE_UNISTD_H 1
| /* end confdefs.h.  */
| #include <stdio.h>
| #ifdef HAVE_SYS_TYPES_H
| # include <sys/types.h>
| #endif
| #ifdef HAVE_SYS_STAT_H
| # include <sys/stat.h>
| #endif
| #ifdef STDC_HEADERS
| # include <stdlib.h>
| # include <stddef.h>
| #else
| # ifdef HAVE_STDLIB_H
| #  include <stdlib.h>
| # endif
| #endif
| #ifdef HAVE_STRING_H
| # if !defined STDC_HEADERS && defined HAVE_MEMORY_H
| #  include <memory.h>
| # endif
| # include <string.h>
| #endif
| #ifdef HAVE_STRINGS_H
| # include <strings.h>
| #endif
| #ifdef HAVE_INTTYPES_H
| # include <inttypes.h>
| #endif
| #ifdef HAVE_STDINT_H
| # include <stdint.h>
| #endif
| #ifdef HAVE_UNISTD_H
| # include <unistd.h>
| #endif
| #include <minix/config.h>
configure:4553: result: no
configure:4553: checking minix/config.h presence
configure:4553: gcc -E  conftest.c
conftest.c:21:10: fatal error: 'minix/config.h' file not found
#include <minix/config.h>
         ^~~~~~~~~~~~~~~~
1 error generated.
configure:4553: $? = 1
configure: failed program was:
| /* confdefs.h */
| #define PACKAGE_NAME "bluez"
| #define PACKAGE_TARNAME "bluez"
| #define PACKAGE_VERSION "5.45"
| #define PACKAGE_STRING "bluez 5.45"
| #define PACKAGE_BUGREPORT ""
| #define PACKAGE_URL ""
| #define PACKAGE "bluez"
| #define VERSION "5.45"
| #define STDC_HEADERS 1
| #define HAVE_SYS_TYPES_H 1
| #define HAVE_SYS_STAT_H 1
| #define HAVE_STDLIB_H 1
| #define HAVE_STRING_H 1
| #define HAVE_MEMORY_H 1
| #define HAVE_STRINGS_H 1
| #define HAVE_INTTYPES_H 1
| #define HAVE_STDINT_H 1
| #define HAVE_UNISTD_H 1
| /* end confdefs.h.  */
| #include <minix/config.h>
configure:4553: result: no
configure:4553: checking for minix/config.h
configure:4553: result: no
configure:4574: checking whether it is safe to define __EXTENSIONS__
configure:4592: gcc -c -g -O2  conftest.c >&5
configure:4592: $? = 0
configure:4599: result: yes
configure:4625: checking whether make supports nested variables
configure:4642: result: yes
configure:4655: checking whether to enable maintainer-specific portions of Makefiles
configure:4664: result: no
configure:4734: checking for pkg-config
configure:4752: found /usr/local/bin/pkg-config
configure:4764: result: /usr/local/bin/pkg-config
configure:4789: checking pkg-config is at least version 0.9.0
configure:4792: result: yes
configure:4828: checking for C/C++ restrict keyword
configure:4853: gcc -c -g -O2  conftest.c >&5
configure:4853: $? = 0
configure:4861: result: __restrict
configure:4923: checking for gcc
configure:4950: result: gcc
configure:5179: checking for C compiler version
configure:5188: gcc --version >&5
Apple clang version 12.0.0 (clang-1200.0.32.29)
Target: x86_64-apple-darwin20.2.0
Thread model: posix
InstalledDir: /Applications/Xcode.app/Contents/Developer/Toolchains/XcodeDefault.xctoolchain/usr/bin
Configured with: --prefix=/Applications/Xcode.app/Contents/Developer/usr --with-gxx-include-dir=/Applications/Xcode.app/Contents/Developer/Platforms/MacOSX.platform/Developer/SDKs/MacOSX.sdk/usr/include/c++/4.2.1
configure:5199: $? = 0
configure:5188: gcc -v >&5
Configured with: --prefix=/Applications/Xcode.app/Contents/Developer/usr --with-gxx-include-dir=/Applications/Xcode.app/Contents/Developer/Platforms/MacOSX.platform/Developer/SDKs/MacOSX.sdk/usr/include/c++/4.2.1
Apple clang version 12.0.0 (clang-1200.0.32.29)
Target: x86_64-apple-darwin20.2.0
Thread model: posix
InstalledDir: /Applications/Xcode.app/Contents/Developer/Toolchains/XcodeDefault.xctoolchain/usr/bin
configure:5199: $? = 0
configure:5188: gcc -V >&5
clang: error: argument to '-V' is missing (expected 1 value)
clang: error: no input files
configure:5199: $? = 1
configure:5188: gcc -qversion >&5
clang: error: unknown argument '-qversion'; did you mean '--version'?
clang: error: no input files
configure:5199: $? = 1
configure:5203: checking whether we are using the GNU C compiler
configure:5231: result: yes
configure:5240: checking whether gcc accepts -g
configure:5301: result: yes
configure:5318: checking for gcc option to accept ISO C89
configure:5394: result: none needed
configure:5419: checking whether gcc understands -c and -o together
configure:5456: result: yes
configure:5475: checking dependency style of gcc
configure:5586: result: gcc3
configure:5603: checking whether gcc accepts -fPIE
configure:5618: result: no
configure:5687: checking build system type
configure:5701: result: x86_64-apple-darwin20.2.0
configure:5721: checking host system type
configure:5734: result: x86_64-apple-darwin20.2.0
configure:5775: checking how to print strings
configure:5802: result: printf
configure:5823: checking for a sed that does not truncate output
configure:5887: result: /usr/bin/sed
configure:5905: checking for fgrep
configure:5967: result: /usr/bin/grep -F
configure:6002: checking for ld used by gcc
configure:6069: result: /Applications/Xcode.app/Contents/Developer/Toolchains/XcodeDefault.xctoolchain/usr/bin/ld
configure:6076: checking if the linker (/Applications/Xcode.app/Contents/Developer/Toolchains/XcodeDefault.xctoolchain/usr/bin/ld) is GNU ld
configure:6091: result: no
configure:6103: checking for BSD- or MS-compatible name lister (nm)
configure:6152: result: /usr/bin/nm -B
configure:6282: checking the name lister (/usr/bin/nm -B) interface
configure:6289: gcc -c -g -O2  conftest.c >&5
configure:6292: /usr/bin/nm -B "conftest.o"
configure:6295: output
000000000000026c S _some_variable
configure:6302: result: BSD nm
configure:6305: checking whether ln -s works
configure:6309: result: yes
configure:6317: checking the maximum length of command line arguments
configure:6448: result: 786432
configure:6465: checking whether the shell understands some XSI constructs
configure:6475: result: yes
configure:6479: checking whether the shell understands "+="
configure:6485: result: yes
configure:6520: checking how to convert x86_64-apple-darwin20.2.0 file names to x86_64-apple-darwin20.2.0 format
configure:6560: result: func_convert_file_noop
configure:6567: checking how to convert x86_64-apple-darwin20.2.0 file names to toolchain format
configure:6587: result: func_convert_file_noop
configure:6594: checking for /Applications/Xcode.app/Contents/Developer/Toolchains/XcodeDefault.xctoolchain/usr/bin/ld option to reload object files
configure:6601: result: -r
configure:6675: checking for objdump
configure:6691: found /usr/bin/objdump
configure:6702: result: objdump
configure:6734: checking how to recognize dependent libraries
configure:6932: result: pass_all
configure:7017: checking for dlltool
configure:7047: result: no
configure:7077: checking how to associate runtime and link libraries
configure:7104: result: printf %s\n
configure:7164: checking for ar
configure:7180: found /usr/bin/ar
configure:7191: result: ar
configure:7228: checking for archiver @FILE support
configure:7245: gcc -c -g -O2  conftest.c >&5
configure:7245: $? = 0
configure:7248: ar cru libconftest.a @conftest.lst >&5
ar: @conftest.lst: No such file or directory
configure:7251: $? = 1
configure:7271: result: no
configure:7329: checking for strip
configure:7345: found /usr/bin/strip
configure:7356: result: strip
configure:7428: checking for ranlib
configure:7444: found /usr/bin/ranlib
configure:7455: result: ranlib
configure:7557: checking command to parse /usr/bin/nm -B output from gcc object
configure:7677: gcc -c -g -O2  conftest.c >&5
configure:7680: $? = 0
configure:7684: /usr/bin/nm -B conftest.o \| sed -n -e 's/^.*[ ]\([BCDEGRST][BCDEGRST]*\)[ ][ ]*\([_A-Za-z][_A-Za-z0-9]*\)$/\1 \2 \2/p' | sed '/ __gnu_lto/d' \> conftest.nm
configure:7687: $? = 0
cannot find nm_test_var in conftest.nm
configure:7677: gcc -c -g -O2  conftest.c >&5
configure:7680: $? = 0
configure:7684: /usr/bin/nm -B conftest.o \| sed -n -e 's/^.*[ ]\([BCDEGRST][BCDEGRST]*\)[ ][ ]*_\([_A-Za-z][_A-Za-z0-9]*\)$/\1 _\2 \2/p' | sed '/ __gnu_lto/d' \> conftest.nm
configure:7687: $? = 0
configure:7753: gcc -o conftest -g -O2   conftest.c conftstm.o >&5
warning: (x86_64)  could not find object file symbol for symbol _main
configure:7756: $? = 0
configure:7794: result: ok
configure:7831: checking for sysroot
configure:7861: result: no
configure:8130: checking for mt
configure:8160: result: no
configure:8180: checking if : is a manifest tool
configure:8186: : '-?'
configure:8194: result: no
configure:8250: checking for dsymutil
configure:8266: found /usr/bin/dsymutil
configure:8277: result: dsymutil
configure:8342: checking for nmedit
configure:8358: found /usr/bin/nmedit
configure:8369: result: nmedit
configure:8434: checking for lipo
configure:8450: found /usr/bin/lipo
configure:8461: result: lipo
configure:8526: checking for otool
configure:8542: found /usr/bin/otool
configure:8553: result: otool
configure:8618: checking for otool64
configure:8648: result: no
configure:8693: checking for -single_module linker flag
gcc -g -O2  -o libconftest.dylib -dynamiclib -Wl,-single_module conftest.c
configure:8726: result: yes
configure:8729: checking for -exported_symbols_list linker flag
configure:8749: gcc -o conftest -g -O2   -Wl,-exported_symbols_list,conftest.sym conftest.c  >&5
configure:8749: $? = 0
configure:8759: result: yes
configure:8762: checking for -force_load linker flag
gcc -g -O2 -c -o conftest.o conftest.c
ar cru libconftest.a conftest.o
ranlib libconftest.a
gcc -g -O2  -o conftest conftest.c -Wl,-force_load,./libconftest.a
configure:8794: result: yes
configure:8833: checking for dlfcn.h
configure:8833: gcc -c -g -O2  conftest.c >&5
configure:8833: $? = 0
configure:8833: result: yes
configure:9009: checking for objdir
configure:9024: result: .libs
configure:9291: checking if gcc supports -fno-rtti -fno-exceptions
configure:9309: gcc -c -g -O2  -fno-rtti -fno-exceptions conftest.c >&5
configure:9313: $? = 0
configure:9326: result: yes
configure:9653: checking for gcc option to produce PIC
configure:9660: result: -fno-common -DPIC
configure:9668: checking if gcc PIC flag -fno-common -DPIC works
configure:9686: gcc -c -g -O2  -fno-common -DPIC -DPIC conftest.c >&5
configure:9690: $? = 0
configure:9703: result: yes
configure:9732: checking if gcc static flag -static works
configure:9760: result: no
configure:9775: checking if gcc supports -c -o file.o
configure:9796: gcc -c -g -O2  -o out/conftest2.o conftest.c >&5
configure:9800: $? = 0
configure:9822: result: yes
configure:9830: checking if gcc supports -c -o file.o
configure:9877: result: yes
configure:9910: checking whether the gcc linker (/Applications/Xcode.app/Contents/Developer/Toolchains/XcodeDefault.xctoolchain/usr/bin/ld) supports shared libraries
configure:11067: result: yes
configure:11307: checking dynamic linker characteristics
configure:12041: result: darwin20.2.0 dyld
configure:12148: checking how to hardcode library paths into programs
configure:12173: result: immediate
configure:12713: checking whether stripping libraries is possible
configure:12727: result: yes
configure:12753: checking if libtool supports shared libraries
configure:12755: result: yes
configure:12758: checking whether to build shared libraries
configure:12779: result: yes
configure:12782: checking whether to build static libraries
configure:12786: result: no
configure:13024: checking for signalfd
configure:13024: gcc -o conftest -g -O2   conftest.c  >&5
Undefined symbols for architecture x86_64:
  "_signalfd", referenced from:
      _main in conftest-425fd8.o
ld: symbol(s) not found for architecture x86_64
clang: error: linker command failed with exit code 1 (use -v to see invocation)
configure:13024: $? = 1
configure: failed program was:
| /* confdefs.h */
| #define PACKAGE_NAME "bluez"
| #define PACKAGE_TARNAME "bluez"
| #define PACKAGE_VERSION "5.45"
| #define PACKAGE_STRING "bluez 5.45"
| #define PACKAGE_BUGREPORT ""
| #define PACKAGE_URL ""
| #define PACKAGE "bluez"
| #define VERSION "5.45"
| #define STDC_HEADERS 1
| #define HAVE_SYS_TYPES_H 1
| #define HAVE_SYS_STAT_H 1
| #define HAVE_STDLIB_H 1
| #define HAVE_STRING_H 1
| #define HAVE_MEMORY_H 1
| #define HAVE_STRINGS_H 1
| #define HAVE_INTTYPES_H 1
| #define HAVE_STDINT_H 1
| #define HAVE_UNISTD_H 1
| #define __EXTENSIONS__ 1
| #define _ALL_SOURCE 1
| #define _GNU_SOURCE 1
| #define _POSIX_PTHREAD_SEMANTICS 1
| #define _TANDEM_SOURCE 1
| #define restrict __restrict
| #define HAVE_DLFCN_H 1
| #define LT_OBJDIR ".libs/"
| /* end confdefs.h.  */
| /* Define signalfd to an innocuous variant, in case <limits.h> declares signalfd.
|    For example, HP-UX 11i <limits.h> declares gettimeofday.  */
| #define signalfd innocuous_signalfd
| 
| /* System header to define __stub macros and hopefully few prototypes,
|     which can conflict with char signalfd (); below.
|     Prefer <limits.h> to <assert.h> if __STDC__ is defined, since
|     <limits.h> exists even on freestanding compilers.  */
| 
| #ifdef __STDC__
| # include <limits.h>
| #else
| # include <assert.h>
| #endif
| 
| #undef signalfd
| 
| /* Override any GCC internal prototype to avoid an error.
|    Use char because int might match the return type of a GCC
|    builtin and then its argument prototype would still apply.  */
| #ifdef __cplusplus
| extern "C"
| #endif
| char signalfd ();
| /* The GNU C library defines this for functions which it implements
|     to always fail with ENOSYS.  Some functions are actually named
|     something starting with __ and the normal name is an alias.  */
| #if defined __stub_signalfd || defined __stub___signalfd
| choke me
| #endif
| 
| int
| main ()
| {
| return signalfd ();
|   ;
|   return 0;
| }
configure:13024: result: no
configure:13028: error: signalfd support is required

## ---------------- ##
## Cache variables. ##
## ---------------- ##

ac_cv_build=x86_64-apple-darwin20.2.0
ac_cv_c_compiler_gnu=yes
ac_cv_c_restrict=__restrict
ac_cv_env_ALSA_CFLAGS_set=
ac_cv_env_ALSA_CFLAGS_value=
ac_cv_env_ALSA_LIBS_set=
ac_cv_env_ALSA_LIBS_value=
ac_cv_env_CC_set=
ac_cv_env_CC_value=
ac_cv_env_CFLAGS_set=
ac_cv_env_CFLAGS_value=
ac_cv_env_CPPFLAGS_set=
ac_cv_env_CPPFLAGS_value=
ac_cv_env_CPP_set=
ac_cv_env_CPP_value=
ac_cv_env_DBUS_CFLAGS_set=
ac_cv_env_DBUS_CFLAGS_value=
ac_cv_env_DBUS_LIBS_set=
ac_cv_env_DBUS_LIBS_value=
ac_cv_env_GLIB_CFLAGS_set=
ac_cv_env_GLIB_CFLAGS_value=
ac_cv_env_GLIB_LIBS_set=
ac_cv_env_GLIB_LIBS_value=
ac_cv_env_GTHREAD_CFLAGS_set=
ac_cv_env_GTHREAD_CFLAGS_value=
ac_cv_env_GTHREAD_LIBS_set=
ac_cv_env_GTHREAD_LIBS_value=
ac_cv_env_ICAL_CFLAGS_set=
ac_cv_env_ICAL_CFLAGS_value=
ac_cv_env_ICAL_LIBS_set=
ac_cv_env_ICAL_LIBS_value=
ac_cv_env_LDFLAGS_set=
ac_cv_env_LDFLAGS_value=
ac_cv_env_LIBS_set=
ac_cv_env_LIBS_value=
ac_cv_env_PKG_CONFIG_LIBDIR_set=
ac_cv_env_PKG_CONFIG_LIBDIR_value=
ac_cv_env_PKG_CONFIG_PATH_set=
ac_cv_env_PKG_CONFIG_PATH_value=
ac_cv_env_PKG_CONFIG_set=
ac_cv_env_PKG_CONFIG_value=
ac_cv_env_SBC_CFLAGS_set=
ac_cv_env_SBC_CFLAGS_value=
ac_cv_env_SBC_LIBS_set=
ac_cv_env_SBC_LIBS_value=
ac_cv_env_SPEEXDSP_CFLAGS_set=
ac_cv_env_SPEEXDSP_CFLAGS_value=
ac_cv_env_SPEEXDSP_LIBS_set=
ac_cv_env_SPEEXDSP_LIBS_value=
ac_cv_env_UDEV_CFLAGS_set=
ac_cv_env_UDEV_CFLAGS_value=
ac_cv_env_UDEV_LIBS_set=
ac_cv_env_UDEV_LIBS_value=
ac_cv_env_build_alias_set=
ac_cv_env_build_alias_value=
ac_cv_env_host_alias_set=
ac_cv_env_host_alias_value=
ac_cv_env_target_alias_set=
ac_cv_env_target_alias_value=
ac_cv_func_signalfd=no
ac_cv_header_dlfcn_h=yes
ac_cv_header_inttypes_h=yes
ac_cv_header_memory_h=yes
ac_cv_header_minix_config_h=no
ac_cv_header_stdc=yes
ac_cv_header_stdint_h=yes
ac_cv_header_stdlib_h=yes
ac_cv_header_string_h=yes
ac_cv_header_strings_h=yes
ac_cv_header_sys_stat_h=yes
ac_cv_header_sys_types_h=yes
ac_cv_header_unistd_h=yes
ac_cv_host=x86_64-apple-darwin20.2.0
ac_cv_objext=o
ac_cv_path_EGREP='/usr/bin/grep -E'
ac_cv_path_FGREP='/usr/bin/grep -F'
ac_cv_path_GREP=/usr/bin/grep
ac_cv_path_SED=/usr/bin/sed
ac_cv_path_ac_pt_PKG_CONFIG=/usr/local/bin/pkg-config
ac_cv_path_install='/usr/bin/install -c'
ac_cv_prog_AWK=awk
ac_cv_prog_CPP='gcc -E'
ac_cv_prog_ac_ct_AR=ar
ac_cv_prog_ac_ct_CC=gcc
ac_cv_prog_ac_ct_DSYMUTIL=dsymutil
ac_cv_prog_ac_ct_LIPO=lipo
ac_cv_prog_ac_ct_NMEDIT=nmedit
ac_cv_prog_ac_ct_OBJDUMP=objdump
ac_cv_prog_ac_ct_OTOOL=otool
ac_cv_prog_ac_ct_RANLIB=ranlib
ac_cv_prog_ac_ct_STRIP=strip
ac_cv_prog_cc_c89=
ac_cv_prog_cc_g=yes
ac_cv_prog_cc_pie=no
ac_cv_prog_make_make_set=yes
ac_cv_safe_to_define___extensions__=yes
am_cv_CC_dependencies_compiler_type=gcc3
am_cv_make_support_nested_variables=yes
am_cv_prog_cc_c_o=yes
am_cv_prog_tar_pax=gnutar
lt_cv_apple_cc_single_mod=yes
lt_cv_ar_at_file=no
lt_cv_deplibs_check_method=pass_all
lt_cv_file_magic_cmd='$MAGIC_CMD'
lt_cv_file_magic_test_file=
lt_cv_ld_exported_symbols_list=yes
lt_cv_ld_force_load=yes
lt_cv_ld_reload_flag=-r
lt_cv_nm_interface='BSD nm'
lt_cv_objdir=.libs
lt_cv_path_LD=/Applications/Xcode.app/Contents/Developer/Toolchains/XcodeDefault.xctoolchain/usr/bin/ld
lt_cv_path_NM='/usr/bin/nm -B'
lt_cv_path_mainfest_tool=no
lt_cv_prog_compiler_c_o=yes
lt_cv_prog_compiler_pic='-fno-common -DPIC'
lt_cv_prog_compiler_pic_works=yes
lt_cv_prog_compiler_rtti_exceptions=yes
lt_cv_prog_compiler_static_works=no
lt_cv_prog_gnu_ld=no
lt_cv_sharedlib_from_linklib_cmd='printf %s\n'
lt_cv_sys_global_symbol_pipe='sed -n -e '\''s/^.*[	 ]\([BCDEGRST][BCDEGRST]*\)[	 ][	 ]*_\([_A-Za-z][_A-Za-z0-9]*\)$/\1 _\2 \2/p'\'' | sed '\''/ __gnu_lto/d'\'''
lt_cv_sys_global_symbol_to_c_name_address='sed -n -e '\''s/^: \([^ ]*\)[ ]*$/  {\"\1\", (void *) 0},/p'\'' -e '\''s/^[BCDEGRST]* \([^ ]*\) \([^ ]*\)$/  {"\2", (void *) \&\2},/p'\'''
lt_cv_sys_global_symbol_to_c_name_address_lib_prefix='sed -n -e '\''s/^: \([^ ]*\)[ ]*$/  {\"\1\", (void *) 0},/p'\'' -e '\''s/^[BCDEGRST]* \([^ ]*\) \(lib[^ ]*\)$/  {"\2", (void *) \&\2},/p'\'' -e '\''s/^[BCDEGRST]* \([^ ]*\) \([^ ]*\)$/  {"lib\2", (void *) \&\2},/p'\'''
lt_cv_sys_global_symbol_to_cdecl='sed -n -e '\''s/^T .* \(.*\)$/extern int \1();/p'\'' -e '\''s/^[BCDEGRST]* .* \(.*\)$/extern char \1;/p'\'''
lt_cv_sys_max_cmd_len=786432
lt_cv_to_host_file_cmd=func_convert_file_noop
lt_cv_to_tool_file_cmd=func_convert_file_noop

## ----------------- ##
## Output variables. ##
## ----------------- ##

A2DP_FALSE=''
A2DP_TRUE=''
ACLOCAL='${SHELL} /Users/tomoki.ichikawa/Develop/personal-projects/bletest/bluez-5.45/missing aclocal-1.14'
ALSA_CFLAGS=''
ALSA_LIBS=''
AMDEPBACKSLASH='\'
AMDEP_FALSE='#'
AMDEP_TRUE=''
AMTAR='$${TAR-tar}'
AM_BACKSLASH='\'
AM_DEFAULT_V='$(AM_DEFAULT_VERBOSITY)'
AM_DEFAULT_VERBOSITY='0'
AM_V='$(V)'
ANDROID_FALSE=''
ANDROID_TRUE=''
AR='ar'
AUTOCONF='${SHELL} /Users/tomoki.ichikawa/Develop/personal-projects/bletest/bluez-5.45/missing autoconf'
AUTOHEADER='${SHELL} /Users/tomoki.ichikawa/Develop/personal-projects/bletest/bluez-5.45/missing autoheader'
AUTOMAKE='${SHELL} /Users/tomoki.ichikawa/Develop/personal-projects/bletest/bluez-5.45/missing automake-1.14'
AVRCP_FALSE=''
AVRCP_TRUE=''
AWK='awk'
BACKTRACE_CFLAGS=''
BACKTRACE_LIBS=''
CC='gcc'
CCDEPMODE='depmode=gcc3'
CFLAGS='-g -O2'
CLIENT_FALSE=''
CLIENT_TRUE=''
CONFIGDIR=''
COVERAGE_FALSE=''
COVERAGE_TRUE='#'
CPP='gcc -E'
CPPFLAGS=''
CUPS_FALSE=''
CUPS_TRUE=''
CYGPATH_W='echo'
DATAFILES_FALSE=''
DATAFILES_TRUE=''
DBUS_CFLAGS=''
DBUS_CONFDIR=''
DBUS_LIBS=''
DBUS_RUN_SESSION_FALSE=''
DBUS_RUN_SESSION_TRUE='#'
DBUS_SESSIONBUSDIR=''
DBUS_SYSTEMBUSDIR=''
DEFS=''
DEPDIR='.deps'
DEPRECATED_FALSE=''
DEPRECATED_TRUE=''
DLLTOOL='false'
DSYMUTIL='dsymutil'
DUMPBIN=''
ECHO_C='\c'
ECHO_N=''
ECHO_T=''
EGREP='/usr/bin/grep -E'
EXEEXT=''
EXPERIMENTAL_FALSE=''
EXPERIMENTAL_TRUE=''
FGREP='/usr/bin/grep -F'
GLIB_CFLAGS=''
GLIB_LIBS=''
GREP='/usr/bin/grep'
GTHREAD_CFLAGS=''
GTHREAD_LIBS=''
HEALTH_FALSE=''
HEALTH_TRUE=''
HID2HCI_FALSE=''
HID2HCI_TRUE=''
HID_FALSE=''
HID_TRUE=''
HOG_FALSE=''
HOG_TRUE=''
ICAL_CFLAGS=''
ICAL_LIBS=''
INSTALL_DATA='${INSTALL} -m 644'
INSTALL_PROGRAM='${INSTALL}'
INSTALL_SCRIPT='${INSTALL}'
INSTALL_STRIP_PROGRAM='$(install_sh) -c -s'
LD='/Applications/Xcode.app/Contents/Developer/Toolchains/XcodeDefault.xctoolchain/usr/bin/ld'
LDFLAGS=''
LIBOBJS=''
LIBRARY_FALSE=''
LIBRARY_TRUE=''
LIBS=''
LIBTOOL='$(SHELL) $(top_builddir)/libtool'
LIPO='lipo'
LN_S='ln -s'
LTLIBOBJS=''
MAINT='#'
MAINTAINER_MODE_FALSE=''
MAINTAINER_MODE_TRUE='#'
MAKEINFO='${SHELL} /Users/tomoki.ichikawa/Develop/personal-projects/bletest/bluez-5.45/missing makeinfo'
MANIFEST_TOOL=':'
MANPAGES_FALSE=''
MANPAGES_TRUE=''
MIDI_FALSE=''
MIDI_TRUE=''
MISC_CFLAGS=''
MISC_LDFLAGS=''
MKDIR_P='./install-sh -c -d'
MONITOR_FALSE=''
MONITOR_TRUE=''
NETWORK_FALSE=''
NETWORK_TRUE=''
NFC_FALSE=''
NFC_TRUE=''
NM='/usr/bin/nm -B'
NMEDIT='nmedit'
OBEX_FALSE=''
OBEX_TRUE=''
OBJDUMP='objdump'
OBJEXT='o'
OTOOL64=':'
OTOOL='otool'
PACKAGE='bluez'
PACKAGE_BUGREPORT=''
PACKAGE_NAME='bluez'
PACKAGE_STRING='bluez 5.45'
PACKAGE_TARNAME='bluez'
PACKAGE_URL=''
PACKAGE_VERSION='5.45'
PATH_SEPARATOR=':'
PKG_CONFIG='/usr/local/bin/pkg-config'
PKG_CONFIG_LIBDIR=''
PKG_CONFIG_PATH=''
RANLIB='ranlib'
READLINE_FALSE=''
READLINE_TRUE=''
SAP_FALSE=''
SAP_TRUE=''
SBC_CFLAGS=''
SBC_LIBS=''
SED='/usr/bin/sed'
SET_MAKE=''
SHELL='/bin/sh'
SIXAXIS_FALSE=''
SIXAXIS_TRUE=''
SPEEXDSP_CFLAGS=''
SPEEXDSP_LIBS=''
STRIP='strip'
SYSTEMD_FALSE=''
SYSTEMD_SYSTEMUNITDIR=''
SYSTEMD_TRUE=''
SYSTEMD_USERUNITDIR=''
TESTING_FALSE=''
TESTING_TRUE=''
TEST_FALSE=''
TEST_TRUE=''
TOOLS_FALSE=''
TOOLS_TRUE=''
UDEV_CFLAGS=''
UDEV_DIR=''
UDEV_FALSE=''
UDEV_LIBS=''
UDEV_TRUE=''
VALGRIND_FALSE=''
VALGRIND_TRUE='#'
VERSION='5.45'
WARNING_CFLAGS=''
ac_ct_AR='ar'
ac_ct_CC='gcc'
ac_ct_DUMPBIN=''
am__EXEEXT_FALSE=''
am__EXEEXT_TRUE=''
am__fastdepCC_FALSE='#'
am__fastdepCC_TRUE=''
am__include='include'
am__isrc=''
am__leading_dot='.'
am__nodep='_no'
am__quote=''
am__tar='tar --format=posix -chf - "$$tardir"'
am__untar='tar -xf -'
bindir='${exec_prefix}/bin'
build='x86_64-apple-darwin20.2.0'
build_alias=''
build_cpu='x86_64'
build_os='darwin20.2.0'
build_vendor='apple'
datadir='${datarootdir}'
datarootdir='${prefix}/share'
docdir='${datarootdir}/doc/${PACKAGE_TARNAME}'
dvidir='${docdir}'
enable_coverage=''
enable_dbus_run_session=''
enable_valgrind=''
exec_prefix='NONE'
host='x86_64-apple-darwin20.2.0'
host_alias=''
host_cpu='x86_64'
host_os='darwin20.2.0'
host_vendor='apple'
htmldir='${docdir}'
includedir='${prefix}/include'
infodir='${datarootdir}/info'
install_sh='${SHELL} /Users/tomoki.ichikawa/Develop/personal-projects/bletest/bluez-5.45/install-sh'
libdir='${exec_prefix}/lib'
libexecdir='${exec_prefix}/libexec'
localedir='${datarootdir}/locale'
localstatedir='${prefix}/var'
mandir='${datarootdir}/man'
mkdir_p='$(MKDIR_P)'
oldincludedir='/usr/include'
pdfdir='${docdir}'
prefix='NONE'
program_transform_name='s,x,x,'
psdir='${docdir}'
sbindir='${exec_prefix}/sbin'
sharedstatedir='${prefix}/com'
sysconfdir='${prefix}/etc'
target_alias=''

## ----------- ##
## confdefs.h. ##
## ----------- ##

/* confdefs.h */
#define PACKAGE_NAME "bluez"
#define PACKAGE_TARNAME "bluez"
#define PACKAGE_VERSION "5.45"
#define PACKAGE_STRING "bluez 5.45"
#define PACKAGE_BUGREPORT ""
#define PACKAGE_URL ""
#define PACKAGE "bluez"
#define VERSION "5.45"
#define STDC_HEADERS 1
#define HAVE_SYS_TYPES_H 1
#define HAVE_SYS_STAT_H 1
#define HAVE_STDLIB_H 1
#define HAVE_STRING_H 1
#define HAVE_MEMORY_H 1
#define HAVE_STRINGS_H 1
#define HAVE_INTTYPES_H 1
#define HAVE_STDINT_H 1
#define HAVE_UNISTD_H 1
#define __EXTENSIONS__ 1
#define _ALL_SOURCE 1
#define _GNU_SOURCE 1
#define _POSIX_PTHREAD_SEMANTICS 1
#define _TANDEM_SOURCE 1
#define restrict __restrict
#define HAVE_DLFCN_H 1
#define LT_OBJDIR ".libs/"

configure: exit 1
